<?xml version="1.0" encoding="UTF-8"?>
<testng-results total="7" passed="7" failed="0" skipped="0">
  <reporter-output>
  </reporter-output>
  <suite started-at="2024-07-04T22:40:20Z" name="Test Suite for Buildout" finished-at="2024-07-04T22:43:01Z" duration-ms="160753">
    <groups>
    </groups>
    <test started-at="2024-07-04T22:40:20Z" name="Test Cases for Buildout" finished-at="2024-07-04T22:43:01Z" duration-ms="160753">
      <class name="demo.TestCases">
        <test-method is-config="true" signature="startBrowser()[pri:0, instance:demo.TestCases@1af687fe]" started-at="2024-07-05T04:10:20Z" name="startBrowser" finished-at="2024-07-05T04:10:25Z" duration-ms="4423" status="PASS">
          <reporter-output>
          </reporter-output>
        </test-method> <!-- startBrowser -->
        <test-method is-config="true" signature="goToYT()[pri:0, instance:demo.TestCases@1af687fe]" started-at="2024-07-05T04:10:25Z" name="goToYT" finished-at="2024-07-05T04:10:32Z" duration-ms="7287" status="PASS">
          <reporter-output>
          </reporter-output>
        </test-method> <!-- goToYT -->
        <test-method signature="testCase01()[pri:0, instance:demo.TestCases@1af687fe]" started-at="2024-07-05T04:10:32Z" name="testCase01" finished-at="2024-07-05T04:10:35Z" duration-ms="3003" status="PASS">
          <reporter-output>
          </reporter-output>
        </test-method> <!-- testCase01 -->
        <test-method is-config="true" signature="goToYT()[pri:0, instance:demo.TestCases@1af687fe]" started-at="2024-07-05T04:10:35Z" name="goToYT" finished-at="2024-07-05T04:10:40Z" duration-ms="4550" status="PASS">
          <reporter-output>
          </reporter-output>
        </test-method> <!-- goToYT -->
        <test-method signature="testCase02()[pri:0, instance:demo.TestCases@1af687fe]" started-at="2024-07-05T04:10:40Z" name="testCase02" finished-at="2024-07-05T04:10:45Z" duration-ms="5713" status="PASS">
          <reporter-output>
          </reporter-output>
        </test-method> <!-- testCase02 -->
        <test-method is-config="true" signature="goToYT()[pri:0, instance:demo.TestCases@1af687fe]" started-at="2024-07-05T04:10:45Z" name="goToYT" finished-at="2024-07-05T04:10:52Z" duration-ms="6532" status="PASS">
          <reporter-output>
          </reporter-output>
        </test-method> <!-- goToYT -->
        <test-method signature="testCase03()[pri:0, instance:demo.TestCases@1af687fe]" started-at="2024-07-05T04:10:52Z" name="testCase03" finished-at="2024-07-05T04:11:27Z" duration-ms="34908" status="PASS">
          <reporter-output>
          </reporter-output>
        </test-method> <!-- testCase03 -->
        <test-method is-config="true" signature="goToYT()[pri:0, instance:demo.TestCases@1af687fe]" started-at="2024-07-05T04:11:27Z" name="goToYT" finished-at="2024-07-05T04:11:32Z" duration-ms="5466" status="PASS">
          <reporter-output>
          </reporter-output>
        </test-method> <!-- goToYT -->
        <test-method signature="testCase04()[pri:0, instance:demo.TestCases@1af687fe]" started-at="2024-07-05T04:11:32Z" name="testCase04" finished-at="2024-07-05T04:11:52Z" duration-ms="19898" status="PASS">
          <reporter-output>
          </reporter-output>
        </test-method> <!-- testCase04 -->
        <test-method is-config="true" signature="goToYT()[pri:0, instance:demo.TestCases@1af687fe]" started-at="2024-07-05T04:11:53Z" name="goToYT" finished-at="2024-07-05T04:11:59Z" duration-ms="5768" status="PASS">
          <reporter-output>
          </reporter-output>
        </test-method> <!-- goToYT -->
        <test-method signature="testCase05(java.lang.String)[pri:0, instance:demo.TestCases@1af687fe]" started-at="2024-07-05T04:11:59Z" name="testCase05" data-provider="excelData" finished-at="2024-07-05T04:12:17Z" duration-ms="18558" status="PASS">
          <params>
            <param index="0">
              <value>
                <![CDATA[Movies]]>
              </value>
            </param>
          </params>
          <reporter-output>
          </reporter-output>
        </test-method> <!-- testCase05 -->
        <test-method is-config="true" signature="goToYT()[pri:0, instance:demo.TestCases@1af687fe]" started-at="2024-07-05T04:12:17Z" name="goToYT" finished-at="2024-07-05T04:12:23Z" duration-ms="6212" status="PASS">
          <reporter-output>
          </reporter-output>
        </test-method> <!-- goToYT -->
        <test-method signature="testCase05(java.lang.String)[pri:0, instance:demo.TestCases@1af687fe]" started-at="2024-07-05T04:12:23Z" name="testCase05" data-provider="excelData" finished-at="2024-07-05T04:12:40Z" duration-ms="16571" status="PASS">
          <params>
            <param index="0">
              <value>
                <![CDATA[Music]]>
              </value>
            </param>
          </params>
          <reporter-output>
          </reporter-output>
        </test-method> <!-- testCase05 -->
        <test-method is-config="true" signature="goToYT()[pri:0, instance:demo.TestCases@1af687fe]" started-at="2024-07-05T04:12:40Z" name="goToYT" finished-at="2024-07-05T04:12:44Z" duration-ms="4412" status="PASS">
          <reporter-output>
          </reporter-output>
        </test-method> <!-- goToYT -->
        <test-method signature="testCase05(java.lang.String)[pri:0, instance:demo.TestCases@1af687fe]" started-at="2024-07-05T04:12:44Z" name="testCase05" data-provider="excelData" finished-at="2024-07-05T04:13:00Z" duration-ms="15625" status="PASS">
          <params>
            <param index="0">
              <value>
                <![CDATA[Games]]>
              </value>
            </param>
          </params>
          <reporter-output>
          </reporter-output>
        </test-method> <!-- testCase05 -->
        <test-method is-config="true" signature="endTest()[pri:0, instance:demo.TestCases@1af687fe]" started-at="2024-07-05T04:13:00Z" name="endTest" finished-at="2024-07-05T04:13:01Z" duration-ms="1114" status="PASS">
          <reporter-output>
          </reporter-output>
        </test-method> <!-- endTest -->
      </class> <!-- demo.TestCases -->
    </test> <!-- Test Cases for Buildout -->
  </suite> <!-- Test Suite for Buildout -->
</testng-results>
